2026-04-28 13:59:15,932 - root - INFO - 0번째 방문입니다.
2026-04-28 13:59:15,932 - root - INFO - 1번째 방문입니다.
2026-04-28 13:59:15,932 - root - INFO - 2번째 방문입니다.
2026-04-28 13:59:15,932 - root - INFO - 3번째 방문입니다.
2026-04-28 13:59:15,932 - root - INFO - 4번째 방문입니다.
2026-04-28 13:59:15,932 - root - INFO - 5번째 방문입니다.
2026-04-28 13:59:15,932 - root - INFO - 6번째 방문입니다.
2026-04-28 13:59:15,932 - root - INFO - 7번째 방문입니다.
2026-04-28 13:59:15,932 - root - INFO - 8번째 방문입니다.
2026-04-28 13:59:15,932 - root - INFO - 9번째 방문입니다.
2026-04-28 14:03:41,448 - __main__ - INFO - 0번째 방문입니다.
2026-04-28 14:03:41,448 - __main__ - INFO - 1번째 방문입니다.
2026-04-28 14:03:41,448 - __main__ - INFO - 2번째 방문입니다.
2026-04-28 14:03:41,448 - __main__ - INFO - 3번째 방문입니다.
2026-04-28 14:03:41,448 - __main__ - INFO - 4번째 방문입니다.
2026-04-28 14:03:41,448 - __main__ - INFO - 5번째 방문입니다.
2026-04-28 14:03:41,448 - __main__ - INFO - 6번째 방문입니다.
2026-04-28 14:03:41,448 - __main__ - INFO - 7번째 방문입니다.
2026-04-28 14:03:41,448 - __main__ - INFO - 8번째 방문입니다.
2026-04-28 14:03:41,448 - __main__ - INFO - 9번째 방문입니다.
2026-04-28 14:04:07,381 - logging_test - INFO - 0번째 방문입니다.
2026-04-28 14:04:07,381 - logging_test - INFO - 1번째 방문입니다.
2026-04-28 14:04:07,381 - logging_test - INFO - 2번째 방문입니다.
2026-04-28 14:04:07,381 - logging_test - INFO - 3번째 방문입니다.
2026-04-28 14:04:07,382 - logging_test - INFO - 4번째 방문입니다.
2026-04-28 14:04:07,382 - logging_test - INFO - 5번째 방문입니다.
2026-04-28 14:04:07,382 - logging_test - INFO - 6번째 방문입니다.
2026-04-28 14:04:07,382 - logging_test - INFO - 7번째 방문입니다.
2026-04-28 14:04:07,382 - logging_test - INFO - 8번째 방문입니다.
2026-04-28 14:04:07,382 - logging_test - INFO - 9번째 방문입니다.
2026-04-28 14:04:07,382 - logging_test - INFO - 0번째 방문입니다.
2026-04-28 14:04:07,382 - logging_test - INFO - 0번째 방문입니다.
2026-04-28 14:04:07,382 - logging_test - INFO - 1번째 방문입니다.
2026-04-28 14:04:07,382 - logging_test - INFO - 1번째 방문입니다.
2026-04-28 14:04:07,382 - logging_test - INFO - 2번째 방문입니다.
2026-04-28 14:04:07,382 - logging_test - INFO - 2번째 방문입니다.
2026-04-28 14:04:07,382 - logging_test - INFO - 3번째 방문입니다.
2026-04-28 14:04:07,382 - logging_test - INFO - 3번째 방문입니다.
2026-04-28 14:04:07,382 - logging_test - INFO - 4번째 방문입니다.
2026-04-28 14:04:07,382 - logging_test - INFO - 4번째 방문입니다.
2026-04-28 14:04:07,382 - logging_test - INFO - 5번째 방문입니다.
2026-04-28 14:04:07,382 - logging_test - INFO - 5번째 방문입니다.
2026-04-28 14:04:07,382 - logging_test - INFO - 6번째 방문입니다.
2026-04-28 14:04:07,382 - logging_test - INFO - 6번째 방문입니다.
2026-04-28 14:04:07,382 - logging_test - INFO - 7번째 방문입니다.
2026-04-28 14:04:07,382 - logging_test - INFO - 7번째 방문입니다.
2026-04-28 14:04:07,382 - logging_test - INFO - 8번째 방문입니다.
2026-04-28 14:04:07,382 - logging_test - INFO - 8번째 방문입니다.
2026-04-28 14:04:07,382 - logging_test - INFO - 9번째 방문입니다.
2026-04-28 14:04:07,382 - logging_test - INFO - 9번째 방문입니다.
2026-04-28 14:04:17,421 - __main__ - INFO - 0번째 방문입니다.
2026-04-28 14:04:17,421 - __main__ - INFO - 1번째 방문입니다.
2026-04-28 14:04:17,421 - __main__ - INFO - 2번째 방문입니다.
2026-04-28 14:04:17,421 - __main__ - INFO - 3번째 방문입니다.
2026-04-28 14:04:17,421 - __main__ - INFO - 4번째 방문입니다.
2026-04-28 14:04:17,421 - __main__ - INFO - 5번째 방문입니다.
2026-04-28 14:04:17,421 - __main__ - INFO - 6번째 방문입니다.
2026-04-28 14:04:17,421 - __main__ - INFO - 7번째 방문입니다.
2026-04-28 14:04:17,421 - __main__ - INFO - 8번째 방문입니다.
2026-04-28 14:04:17,421 - __main__ - INFO - 9번째 방문입니다.
2026-04-28 14:04:24,885 - logging_test - INFO - 0번째 방문입니다.
2026-04-28 14:04:24,885 - logging_test - INFO - 1번째 방문입니다.
2026-04-28 14:04:24,885 - logging_test - INFO - 2번째 방문입니다.
2026-04-28 14:04:24,885 - logging_test - INFO - 3번째 방문입니다.
2026-04-28 14:04:24,886 - logging_test - INFO - 4번째 방문입니다.
2026-04-28 14:04:24,886 - logging_test - INFO - 5번째 방문입니다.
2026-04-28 14:04:24,886 - logging_test - INFO - 6번째 방문입니다.
2026-04-28 14:04:24,886 - logging_test - INFO - 7번째 방문입니다.
2026-04-28 14:04:24,886 - logging_test - INFO - 8번째 방문입니다.
2026-04-28 14:04:24,886 - logging_test - INFO - 9번째 방문입니다.
2026-04-28 14:04:24,886 - logging_test - INFO - 0번째 방문입니다.
2026-04-28 14:04:24,886 - logging_test - INFO - 0번째 방문입니다.
2026-04-28 14:04:24,886 - logging_test - INFO - 1번째 방문입니다.
2026-04-28 14:04:24,886 - logging_test - INFO - 1번째 방문입니다.
2026-04-28 14:04:24,886 - logging_test - INFO - 2번째 방문입니다.
2026-04-28 14:04:24,886 - logging_test - INFO - 2번째 방문입니다.
2026-04-28 14:04:24,886 - logging_test - INFO - 3번째 방문입니다.
2026-04-28 14:04:24,886 - logging_test - INFO - 3번째 방문입니다.
2026-04-28 14:04:24,886 - logging_test - INFO - 4번째 방문입니다.
2026-04-28 14:04:24,886 - logging_test - INFO - 4번째 방문입니다.
2026-04-28 14:04:24,886 - logging_test - INFO - 5번째 방문입니다.
2026-04-28 14:04:24,886 - logging_test - INFO - 5번째 방문입니다.
2026-04-28 14:04:24,886 - logging_test - INFO - 6번째 방문입니다.
2026-04-28 14:04:24,886 - logging_test - INFO - 6번째 방문입니다.
2026-04-28 14:04:24,886 - logging_test - INFO - 7번째 방문입니다.
2026-04-28 14:04:24,886 - logging_test - INFO - 7번째 방문입니다.
2026-04-28 14:04:24,886 - logging_test - INFO - 8번째 방문입니다.
2026-04-28 14:04:24,886 - logging_test - INFO - 8번째 방문입니다.
2026-04-28 14:04:24,886 - logging_test - INFO - 9번째 방문입니다.
2026-04-28 14:04:24,886 - logging_test - INFO - 9번째 방문입니다.
2026-04-28 14:09:46,341 - __main__ - DEBUG - 0번째 방문입니다. : log
2026-04-28 14:09:46,341 - __main__ - DEBUG - 1번째 방문입니다. : log
2026-04-28 14:09:46,341 - __main__ - DEBUG - 2번째 방문입니다. : log
2026-04-28 14:09:46,341 - __main__ - DEBUG - 3번째 방문입니다. : log
2026-04-28 14:09:46,341 - __main__ - DEBUG - 4번째 방문입니다. : log
2026-04-28 14:09:46,341 - __main__ - DEBUG - 5번째 방문입니다. : log
2026-04-28 14:09:46,341 - __main__ - DEBUG - 6번째 방문입니다. : log
2026-04-28 14:09:46,341 - __main__ - DEBUG - 7번째 방문입니다. : log
2026-04-28 14:09:46,341 - __main__ - DEBUG - 8번째 방문입니다. : log
2026-04-28 14:09:46,341 - __main__ - DEBUG - 9번째 방문입니다. : log
2026-04-28 14:11:29,229 - __main__ - DEBUG - 0번째 방문입니다. - logging_test.py : log
2026-04-28 14:11:29,229 - __main__ - DEBUG - 1번째 방문입니다. - logging_test.py : log
2026-04-28 14:11:29,230 - __main__ - DEBUG - 2번째 방문입니다. - logging_test.py : log
2026-04-28 14:11:29,230 - __main__ - DEBUG - 3번째 방문입니다. - logging_test.py : log
2026-04-28 14:11:29,230 - __main__ - DEBUG - 4번째 방문입니다. - logging_test.py : log
2026-04-28 14:11:29,230 - __main__ - DEBUG - 5번째 방문입니다. - logging_test.py : log
2026-04-28 14:11:29,230 - __main__ - DEBUG - 6번째 방문입니다. - logging_test.py : log
2026-04-28 14:11:29,230 - __main__ - DEBUG - 7번째 방문입니다. - logging_test.py : log
2026-04-28 14:11:29,230 - __main__ - DEBUG - 8번째 방문입니다. - logging_test.py : log
2026-04-28 14:11:29,230 - __main__ - DEBUG - 9번째 방문입니다. - logging_test.py : log
